<?xml version="1.0" encoding="UTF-8"?>
<!-- Generated by org.testng.reporters.JUnitReportReporter -->
<testsuite hostname="Lenovo-PC" failures="0" tests="1" name="com.inetBanking.testCases.TC_LogIn_001" time="46.695" errors="0" timestamp="2022-06-23T21:54:08 IST" skipped="0">
  <testcase classname="com.inetBanking.testCases.TC_LogIn_001" name="logInTest" time="46.695"/>
  <system-out/>
</testsuite> <!-- com.inetBanking.testCases.TC_LogIn_001 -->
